{"/Users/volodumursnaichuk/Dev/OtherProjects/unit-testing-ts/src/main.ts": {"path":"/Users/volodumursnaichuk/Dev/OtherProjects/unit-testing-ts/src/main.ts","statementMap":{"0":{"start":{"line":1,"column":33},"end":{"line":5,"column":1}},"1":{"start":{"line":2,"column":14},"end":{"line":2,"column":37}},"2":{"start":{"line":4,"column":2},"end":{"line":4,"column":13}},"3":{"start":{"line":1,"column":13},"end":{"line":1,"column":33}},"4":{"start":{"line":7,"column":30},"end":{"line":9,"column":1}},"5":{"start":{"line":8,"column":2},"end":{"line":8,"column":42}},"6":{"start":{"line":8,"column":29},"end":{"line":8,"column":40}},"7":{"start":{"line":7,"column":13},"end":{"line":7,"column":30}},"8":{"start":{"line":11,"column":28},"end":{"line":13,"column":1}},"9":{"start":{"line":12,"column":2},"end":{"line":12,"column":40}},"10":{"start":{"line":12,"column":27},"end":{"line":12,"column":38}},"11":{"start":{"line":11,"column":13},"end":{"line":11,"column":28}}},"fnMap":{"0":{"name":"(anonymous_0)","decl":{"start":{"line":1,"column":33},"end":{"line":1,"column":44}},"loc":{"start":{"line":1,"column":46},"end":{"line":5,"column":1}}},"1":{"name":"(anonymous_1)","decl":{"start":{"line":7,"column":30},"end":{"line":7,"column":31}},"loc":{"start":{"line":7,"column":59},"end":{"line":9,"column":1}}},"2":{"name":"(anonymous_2)","decl":{"start":{"line":8,"column":22},"end":{"line":8,"column":23}},"loc":{"start":{"line":8,"column":29},"end":{"line":8,"column":40}}},"3":{"name":"(anonymous_3)","decl":{"start":{"line":11,"column":28},"end":{"line":11,"column":29}},"loc":{"start":{"line":11,"column":57},"end":{"line":13,"column":1}}},"4":{"name":"(anonymous_4)","decl":{"start":{"line":12,"column":20},"end":{"line":12,"column":21}},"loc":{"start":{"line":12,"column":27},"end":{"line":12,"column":38}}}},"branchMap":{},"s":{"0":1,"1":1,"2":1,"3":1,"4":1,"5":2,"6":6,"7":1,"8":1,"9":0,"10":0,"11":1},"f":{"0":1,"1":2,"2":6,"3":0,"4":0},"b":{}}
}
